-------------------------------------------------------------------------------
Test set: com.yitao.yoj.service.PostThumbServiceTest
-------------------------------------------------------------------------------
Tests run: 1, Failures: 0, Errors: 1, Skipped: 0, Time elapsed: 0.055 s <<< FAILURE! - in com.yitao.yoj.service.PostThumbServiceTest
doPostThumb  Time elapsed: 0.034 s  <<< ERROR!
com.yitao.yoj.exception.BusinessException: 请求数据不存在
	at com.yitao.yoj.service.PostThumbServiceTest.doPostThumb(PostThumbServiceTest.java:31)

