<?xml version="1.0" encoding="UTF-8"?>
<testsuite xmlns:xsi="http://www.w3.org/2001/XMLSchema-instance" xsi:noNamespaceSchemaLocation="https://maven.apache.org/surefire/maven-surefire-plugin/xsd/surefire-test-report.xsd" name="com.yitao.yoj.esdao.PostEsDaoTest" time="11.885" tests="6" errors="6" skipped="0" failures="0">
  <properties>
[...]
</properties>
  <testcase name="testAdd" classname="com.yitao.yoj.esdao.PostEsDaoTest" time="0.948">
    <error message="java.util.concurrent.ExecutionException: java.net.ConnectException: Connection refused: no further information; nested exception is ElasticsearchException[java.util.concurrent.ExecutionException: java.net.ConnectException: Connection refused: no further information]; nested: ExecutionException[java.net.ConnectException: Connection refused: no further information]; nested: ConnectException[Connection refused: no further information];" type="org.springframework.data.elasticsearch.UncategorizedElasticsearchException">org.springframework.data.elasticsearch.UncategorizedElasticsearchException: java.util.concurrent.ExecutionException: java.net.ConnectException: Connection refused: no further information; nested exception is ElasticsearchException[java.util.concurrent.ExecutionException: java.net.ConnectException: Connection refused: no further information]; nested: ExecutionException[java.net.ConnectException: Connection refused: no further information]; nested: ConnectException[Connection refused: no further information];
	at com.yitao.yoj.esdao.PostEsDaoTest.testAdd(PostEsDaoTest.java:65)
Caused by: org.elasticsearch.ElasticsearchException: java.util.concurrent.ExecutionException: java.net.ConnectException: Connection refused: no further information
	at com.yitao.yoj.esdao.PostEsDaoTest.testAdd(PostEsDaoTest.java:65)
Caused by: java.util.concurrent.ExecutionException: java.net.ConnectException: Connection refused: no further information
	at com.yitao.yoj.esdao.PostEsDaoTest.testAdd(PostEsDaoTest.java:65)
Caused by: java.net.ConnectException: Connection refused: no further information
</error>
    <system-out><![CDATA[22:52:25.236 [main] DEBUG org.springframework.test.context.BootstrapUtils - Instantiating CacheAwareContextLoaderDelegate from class [org.springframework.test.context.cache.DefaultCacheAwareContextLoaderDelegate]
22:52:25.252 [main] DEBUG org.springframework.test.context.BootstrapUtils - Instantiating BootstrapContext using constructor [public org.springframework.test.context.support.DefaultBootstrapContext(java.lang.Class,org.springframework.test.context.CacheAwareContextLoaderDelegate)]
22:52:25.284 [main] DEBUG org.springframework.test.context.BootstrapUtils - Instantiating TestContextBootstrapper for test class [com.yitao.yoj.esdao.PostEsDaoTest] from class [org.springframework.boot.test.context.SpringBootTestContextBootstrapper]
22:52:25.300 [main] INFO org.springframework.boot.test.context.SpringBootTestContextBootstrapper - Neither @ContextConfiguration nor @ContextHierarchy found for test class [com.yitao.yoj.esdao.PostEsDaoTest], using SpringBootContextLoader
22:52:25.304 [main] DEBUG org.springframework.test.context.support.AbstractContextLoader - Did not detect default resource location for test class [com.yitao.yoj.esdao.PostEsDaoTest]: class path resource [com/yitao/yoj/esdao/PostEsDaoTest-context.xml] does not exist
22:52:25.304 [main] DEBUG org.springframework.test.context.support.AbstractContextLoader - Did not detect default resource location for test class [com.yitao.yoj.esdao.PostEsDaoTest]: class path resource [com/yitao/yoj/esdao/PostEsDaoTestContext.groovy] does not exist
22:52:25.304 [main] INFO org.springframework.test.context.support.AbstractContextLoader - Could not detect default resource locations for test class [com.yitao.yoj.esdao.PostEsDaoTest]: no resource found for suffixes {-context.xml, Context.groovy}.
22:52:25.310 [main] INFO org.springframework.test.context.support.AnnotationConfigContextLoaderUtils - Could not detect default configuration classes for test class [com.yitao.yoj.esdao.PostEsDaoTest]: PostEsDaoTest does not declare any static, non-private, non-final, nested classes annotated with @Configuration.
22:52:25.375 [main] DEBUG org.springframework.test.context.support.ActiveProfilesUtils - Could not find an 'annotation declaring class' for annotation type [org.springframework.test.context.ActiveProfiles] and class [com.yitao.yoj.esdao.PostEsDaoTest]
22:52:25.469 [main] DEBUG org.springframework.context.annotation.ClassPathScanningCandidateComponentProvider - Identified candidate component class: file [F:\Project_Y\OJ\yoj-backend\target\classes\com\yitao\yoj\MainApplication.class]
22:52:25.469 [main] INFO org.springframework.boot.test.context.SpringBootTestContextBootstrapper - Found @SpringBootConfiguration com.yitao.yoj.MainApplication for test class com.yitao.yoj.esdao.PostEsDaoTest
22:52:25.619 [main] DEBUG org.springframework.boot.test.context.SpringBootTestContextBootstrapper - @TestExecutionListeners is not present for class [com.yitao.yoj.esdao.PostEsDaoTest]: using defaults.
22:52:25.619 [main] INFO org.springframework.boot.test.context.SpringBootTestContextBootstrapper - Loaded default TestExecutionListener class names from location [META-INF/spring.factories]: [org.springframework.boot.test.mock.mockito.MockitoTestExecutionListener, org.springframework.boot.test.mock.mockito.ResetMocksTestExecutionListener, org.springframework.boot.test.autoconfigure.restdocs.RestDocsTestExecutionListener, org.springframework.boot.test.autoconfigure.web.client.MockRestServiceServerResetTestExecutionListener, org.springframework.boot.test.autoconfigure.web.servlet.MockMvcPrintOnlyOnFailureTestExecutionListener, org.springframework.boot.test.autoconfigure.web.servlet.WebDriverTestExecutionListener, org.springframework.boot.test.autoconfigure.webservices.client.MockWebServiceServerTestExecutionListener, org.springframework.test.context.web.ServletTestExecutionListener, org.springframework.test.context.support.DirtiesContextBeforeModesTestExecutionListener, org.springframework.test.context.event.ApplicationEventsTestExecutionListener, org.springframework.test.context.support.DependencyInjectionTestExecutionListener, org.springframework.test.context.support.DirtiesContextTestExecutionListener, org.springframework.test.context.transaction.TransactionalTestExecutionListener, org.springframework.test.context.jdbc.SqlScriptsTestExecutionListener, org.springframework.test.context.event.EventPublishingTestExecutionListener]
22:52:25.652 [main] INFO org.springframework.boot.test.context.SpringBootTestContextBootstrapper - Using TestExecutionListeners: [org.springframework.test.context.web.ServletTestExecutionListener@18f20260, org.springframework.test.context.support.DirtiesContextBeforeModesTestExecutionListener@4ae33a11, org.springframework.test.context.event.ApplicationEventsTestExecutionListener@7a48e6e2, org.springframework.boot.test.mock.mockito.MockitoTestExecutionListener@b40bb6e, org.springframework.boot.test.autoconfigure.SpringBootDependencyInjectionTestExecutionListener@3a94964, org.springframework.test.context.support.DirtiesContextTestExecutionListener@5049d8b2, org.springframework.test.context.transaction.TransactionalTestExecutionListener@6d0b5baf, org.springframework.test.context.jdbc.SqlScriptsTestExecutionListener@631e06ab, org.springframework.test.context.event.EventPublishingTestExecutionListener@2a3591c5, org.springframework.boot.test.mock.mockito.ResetMocksTestExecutionListener@34a75079, org.springframework.boot.test.autoconfigure.restdocs.RestDocsTestExecutionListener@346a361, org.springframework.boot.test.autoconfigure.web.client.MockRestServiceServerResetTestExecutionListener@107ed6fc, org.springframework.boot.test.autoconfigure.web.servlet.MockMvcPrintOnlyOnFailureTestExecutionListener@1643d68f, org.springframework.boot.test.autoconfigure.web.servlet.WebDriverTestExecutionListener@186978a6, org.springframework.boot.test.autoconfigure.webservices.client.MockWebServiceServerTestExecutionListener@2e029d61]
22:52:25.652 [main] DEBUG org.springframework.test.context.support.AbstractDirtiesContextTestExecutionListener - Before test class: context [DefaultTestContext@bcec031 testClass = PostEsDaoTest, testInstance = [null], testMethod = [null], testException = [null], mergedContextConfiguration = [WebMergedContextConfiguration@21005f6c testClass = PostEsDaoTest, locations = '{}', classes = '{class com.yitao.yoj.MainApplication}', contextInitializerClasses = '[]', activeProfiles = '{}', propertySourceLocations = '{}', propertySourceProperties = '{org.springframework.boot.test.context.SpringBootTestContextBootstrapper=true}', contextCustomizers = set[org.springframework.boot.test.context.filter.ExcludeFilterContextCustomizer@4ff8d125, org.springframework.boot.test.json.DuplicateJsonObjectContextCustomizerFactory$DuplicateJsonObjectContextCustomizer@327bcebd, org.springframework.boot.test.mock.mockito.MockitoContextCustomizer@0, org.springframework.boot.test.web.client.TestRestTemplateContextCustomizer@1fa1cab1, org.springframework.boot.test.autoconfigure.actuate.metrics.MetricsExportContextCustomizerFactory$DisableMetricExportContextCustomizer@7b205dbd, org.springframework.boot.test.autoconfigure.properties.PropertyMappingContextCustomizer@0, org.springframework.boot.test.autoconfigure.web.servlet.WebDriverContextCustomizerFactory$Customizer@21337f7b, org.springframework.boot.test.context.SpringBootTestArgs@1, org.springframework.boot.test.context.SpringBootTestWebEnvironment@206a70ef], resourceBasePath = 'src/main/webapp', contextLoader = 'org.springframework.boot.test.context.SpringBootContextLoader', parent = [null]], attributes = map['org.springframework.test.context.web.ServletTestExecutionListener.activateListener' -> true]], class annotated with @DirtiesContext [false] with mode [null].
by 程序员鱼皮：https://github.com/liyitao
可能是最好的编程学习圈子：https://yitao.icu

2023-10-05 22:52:26.204  INFO 12296 --- [           main] com.yitao.yoj.esdao.PostEsDaoTest        : Starting PostEsDaoTest using Java 11.0.14.1 on LAPTOP-ML3TE646 with PID 12296 (started by YiTao in F:\Project_Y\OJ\yoj-backend)
2023-10-05 22:52:26.204  INFO 12296 --- [           main] com.yitao.yoj.esdao.PostEsDaoTest        : The following 1 profile is active: "dev"
2023-10-05 22:52:27.538  INFO 12296 --- [           main] .s.d.r.c.RepositoryConfigurationDelegate : Multiple Spring Data modules found, entering strict repository configuration mode
2023-10-05 22:52:27.538  INFO 12296 --- [           main] .s.d.r.c.RepositoryConfigurationDelegate : Bootstrapping Spring Data Elasticsearch repositories in DEFAULT mode.
2023-10-05 22:52:27.723  INFO 12296 --- [           main] .s.d.r.c.RepositoryConfigurationDelegate : Finished Spring Data repository scanning in 178 ms. Found 1 Elasticsearch repository interfaces.
2023-10-05 22:52:27.723  INFO 12296 --- [           main] .s.d.r.c.RepositoryConfigurationDelegate : Multiple Spring Data modules found, entering strict repository configuration mode
2023-10-05 22:52:27.723  INFO 12296 --- [           main] .s.d.r.c.RepositoryConfigurationDelegate : Bootstrapping Spring Data Reactive Elasticsearch repositories in DEFAULT mode.
2023-10-05 22:52:27.738  INFO 12296 --- [           main] .RepositoryConfigurationExtensionSupport : Spring Data Reactive Elasticsearch - Could not safely identify store assignment for repository candidate interface com.yitao.yoj.esdao.PostEsDao; If you want this repository to be a Reactive Elasticsearch repository, consider annotating your entities with one of these annotations: org.springframework.data.elasticsearch.annotations.Document (preferred), or consider extending one of the following types with your repository: org.springframework.data.elasticsearch.repository.ReactiveElasticsearchRepository
2023-10-05 22:52:27.738  INFO 12296 --- [           main] .s.d.r.c.RepositoryConfigurationDelegate : Finished Spring Data repository scanning in 8 ms. Found 0 Reactive Elasticsearch repository interfaces.
2023-10-05 22:52:27.923  WARN 12296 --- [           main] o.m.s.mapper.ClassPathMapperScanner      : Skipping MapperFactoryBean with name 'postFavourMapper' and 'com.yitao.yoj.mapper.PostFavourMapper' mapperInterface. Bean already defined with the same name!
2023-10-05 22:52:27.923  WARN 12296 --- [           main] o.m.s.mapper.ClassPathMapperScanner      : Skipping MapperFactoryBean with name 'postMapper' and 'com.yitao.yoj.mapper.PostMapper' mapperInterface. Bean already defined with the same name!
2023-10-05 22:52:27.923  WARN 12296 --- [           main] o.m.s.mapper.ClassPathMapperScanner      : Skipping MapperFactoryBean with name 'postThumbMapper' and 'com.yitao.yoj.mapper.PostThumbMapper' mapperInterface. Bean already defined with the same name!
2023-10-05 22:52:27.923  WARN 12296 --- [           main] o.m.s.mapper.ClassPathMapperScanner      : Skipping MapperFactoryBean with name 'questionMapper' and 'com.yitao.yoj.mapper.QuestionMapper' mapperInterface. Bean already defined with the same name!
2023-10-05 22:52:27.923  WARN 12296 --- [           main] o.m.s.mapper.ClassPathMapperScanner      : Skipping MapperFactoryBean with name 'questionSubmitMapper' and 'com.yitao.yoj.mapper.QuestionSubmitMapper' mapperInterface. Bean already defined with the same name!
2023-10-05 22:52:27.923  WARN 12296 --- [           main] o.m.s.mapper.ClassPathMapperScanner      : Skipping MapperFactoryBean with name 'userMapper' and 'com.yitao.yoj.mapper.UserMapper' mapperInterface. Bean already defined with the same name!
2023-10-05 22:52:27.923  WARN 12296 --- [           main] o.m.s.mapper.ClassPathMapperScanner      : No MyBatis mapper was found in '[com.yitao.yoj.mapper]' package. Please check your configuration.
Logging initialized using 'class org.apache.ibatis.logging.stdout.StdOutImpl' adapter.
Registered plugin: 'com.baomidou.mybatisplus.extension.plugins.MybatisPlusInterceptor@45c423b3'
Parsed mapper file: 'file [F:\Project_Y\OJ\yoj-backend\target\classes\mapper\PostFavourMapper.xml]'
Parsed mapper file: 'file [F:\Project_Y\OJ\yoj-backend\target\classes\mapper\PostMapper.xml]'
Parsed mapper file: 'file [F:\Project_Y\OJ\yoj-backend\target\classes\mapper\PostThumbMapper.xml]'
Parsed mapper file: 'file [F:\Project_Y\OJ\yoj-backend\target\classes\mapper\QuestionMapper.xml]'
Parsed mapper file: 'file [F:\Project_Y\OJ\yoj-backend\target\classes\mapper\QuestionSubmitMapper.xml]'
Parsed mapper file: 'file [F:\Project_Y\OJ\yoj-backend\target\classes\mapper\UserMapper.xml]'
 _ _   |_  _ _|_. ___ _ |    _ 
| | |\/|_)(_| | |_\  |_)||_|_\ 
     /               |         
                        3.5.2 
2023-10-05 22:52:34.728  WARN 12296 --- [           main] o.s.b.a.f.FreeMarkerAutoConfiguration    : Cannot find template location(s): [classpath:/templates/] (please add some templates, check your FreeMarker configuration, or set spring.freemarker.checkTemplateLocation=false)
2023-10-05 22:52:35.795  INFO 12296 --- [           main] com.yitao.yoj.esdao.PostEsDaoTest        : Started PostEsDaoTest in 10.083 seconds (JVM running for 11.347)
]]></system-out>
  </testcase>
  <testcase name="testCount" classname="com.yitao.yoj.esdao.PostEsDaoTest" time="0.135">
    <error message="java.util.concurrent.ExecutionException: java.net.ConnectException: Connection refused: no further information; nested exception is ElasticsearchException[java.util.concurrent.ExecutionException: java.net.ConnectException: Connection refused: no further information]; nested: ExecutionException[java.net.ConnectException: Connection refused: no further information]; nested: ConnectException[Connection refused: no further information];" type="org.springframework.data.elasticsearch.UncategorizedElasticsearchException">org.springframework.data.elasticsearch.UncategorizedElasticsearchException: java.util.concurrent.ExecutionException: java.net.ConnectException: Connection refused: no further information; nested exception is ElasticsearchException[java.util.concurrent.ExecutionException: java.net.ConnectException: Connection refused: no further information]; nested: ExecutionException[java.net.ConnectException: Connection refused: no further information]; nested: ConnectException[Connection refused: no further information];
	at com.yitao.yoj.esdao.PostEsDaoTest.testCount(PostEsDaoTest.java:77)
Caused by: org.elasticsearch.ElasticsearchException: java.util.concurrent.ExecutionException: java.net.ConnectException: Connection refused: no further information
	at com.yitao.yoj.esdao.PostEsDaoTest.testCount(PostEsDaoTest.java:77)
Caused by: java.util.concurrent.ExecutionException: java.net.ConnectException: Connection refused: no further information
	at com.yitao.yoj.esdao.PostEsDaoTest.testCount(PostEsDaoTest.java:77)
Caused by: java.net.ConnectException: Connection refused: no further information
</error>
  </testcase>
  <testcase name="test" classname="com.yitao.yoj.esdao.PostEsDaoTest" time="0.08">
    <error message="java.util.concurrent.ExecutionException: java.net.ConnectException: Connection refused: no further information; nested exception is ElasticsearchException[java.util.concurrent.ExecutionException: java.net.ConnectException: Connection refused: no further information]; nested: ExecutionException[java.net.ConnectException: Connection refused: no further information]; nested: ConnectException[Connection refused: no further information];" type="org.springframework.data.elasticsearch.UncategorizedElasticsearchException">org.springframework.data.elasticsearch.UncategorizedElasticsearchException: java.util.concurrent.ExecutionException: java.net.ConnectException: Connection refused: no further information; nested exception is ElasticsearchException[java.util.concurrent.ExecutionException: java.net.ConnectException: Connection refused: no further information]; nested: ExecutionException[java.net.ConnectException: Connection refused: no further information]; nested: ConnectException[Connection refused: no further information];
	at com.yitao.yoj.esdao.PostEsDaoTest.test(PostEsDaoTest.java:39)
Caused by: org.elasticsearch.ElasticsearchException: java.util.concurrent.ExecutionException: java.net.ConnectException: Connection refused: no further information
	at com.yitao.yoj.esdao.PostEsDaoTest.test(PostEsDaoTest.java:39)
Caused by: java.util.concurrent.ExecutionException: java.net.ConnectException: Connection refused: no further information
	at com.yitao.yoj.esdao.PostEsDaoTest.test(PostEsDaoTest.java:39)
Caused by: java.net.ConnectException: Connection refused: no further information
</error>
  </testcase>
  <testcase name="testFindById" classname="com.yitao.yoj.esdao.PostEsDaoTest" time="0.009">
    <error message="java.util.concurrent.ExecutionException: java.net.ConnectException: Connection refused: no further information; nested exception is ElasticsearchException[java.util.concurrent.ExecutionException: java.net.ConnectException: Connection refused: no further information]; nested: ExecutionException[java.net.ConnectException: Connection refused: no further information]; nested: ConnectException[Connection refused: no further information];" type="org.springframework.data.elasticsearch.UncategorizedElasticsearchException">org.springframework.data.elasticsearch.UncategorizedElasticsearchException: java.util.concurrent.ExecutionException: java.net.ConnectException: Connection refused: no further information; nested exception is ElasticsearchException[java.util.concurrent.ExecutionException: java.net.ConnectException: Connection refused: no further information]; nested: ExecutionException[java.net.ConnectException: Connection refused: no further information]; nested: ConnectException[Connection refused: no further information];
	at com.yitao.yoj.esdao.PostEsDaoTest.testFindById(PostEsDaoTest.java:71)
Caused by: org.elasticsearch.ElasticsearchException: java.util.concurrent.ExecutionException: java.net.ConnectException: Connection refused: no further information
	at com.yitao.yoj.esdao.PostEsDaoTest.testFindById(PostEsDaoTest.java:71)
Caused by: java.util.concurrent.ExecutionException: java.net.ConnectException: Connection refused: no further information
	at com.yitao.yoj.esdao.PostEsDaoTest.testFindById(PostEsDaoTest.java:71)
Caused by: java.net.ConnectException: Connection refused: no further information
</error>
  </testcase>
  <testcase name="testFindByCategory" classname="com.yitao.yoj.esdao.PostEsDaoTest" time="0.033">
    <error message="java.util.concurrent.ExecutionException: java.net.ConnectException: Connection refused: no further information; nested exception is ElasticsearchException[java.util.concurrent.ExecutionException: java.net.ConnectException: Connection refused: no further information]; nested: ExecutionException[java.net.ConnectException: Connection refused: no further information]; nested: ConnectException[Connection refused: no further information];" type="org.springframework.data.elasticsearch.UncategorizedElasticsearchException">org.springframework.data.elasticsearch.UncategorizedElasticsearchException: java.util.concurrent.ExecutionException: java.net.ConnectException: Connection refused: no further information; nested exception is ElasticsearchException[java.util.concurrent.ExecutionException: java.net.ConnectException: Connection refused: no further information]; nested: ExecutionException[java.net.ConnectException: Connection refused: no further information]; nested: ConnectException[Connection refused: no further information];
	at com.yitao.yoj.esdao.PostEsDaoTest.testFindByCategory(PostEsDaoTest.java:82)
Caused by: org.elasticsearch.ElasticsearchException: java.util.concurrent.ExecutionException: java.net.ConnectException: Connection refused: no further information
	at com.yitao.yoj.esdao.PostEsDaoTest.testFindByCategory(PostEsDaoTest.java:82)
Caused by: java.util.concurrent.ExecutionException: java.net.ConnectException: Connection refused: no further information
	at com.yitao.yoj.esdao.PostEsDaoTest.testFindByCategory(PostEsDaoTest.java:82)
Caused by: java.net.ConnectException: Connection refused: no further information
</error>
  </testcase>
  <testcase name="testSelect" classname="com.yitao.yoj.esdao.PostEsDaoTest" time="0.001">
    <error message="java.util.concurrent.ExecutionException: java.net.ConnectException: Connection refused: no further information; nested exception is ElasticsearchException[java.util.concurrent.ExecutionException: java.net.ConnectException: Connection refused: no further information]; nested: ExecutionException[java.net.ConnectException: Connection refused: no further information]; nested: ConnectException[Connection refused: no further information];" type="org.springframework.data.elasticsearch.UncategorizedElasticsearchException">org.springframework.data.elasticsearch.UncategorizedElasticsearchException: java.util.concurrent.ExecutionException: java.net.ConnectException: Connection refused: no further information; nested exception is ElasticsearchException[java.util.concurrent.ExecutionException: java.net.ConnectException: Connection refused: no further information]; nested: ExecutionException[java.net.ConnectException: Connection refused: no further information]; nested: ConnectException[Connection refused: no further information];
	at com.yitao.yoj.esdao.PostEsDaoTest.testSelect(PostEsDaoTest.java:45)
Caused by: org.elasticsearch.ElasticsearchException: java.util.concurrent.ExecutionException: java.net.ConnectException: Connection refused: no further information
	at com.yitao.yoj.esdao.PostEsDaoTest.testSelect(PostEsDaoTest.java:45)
Caused by: java.util.concurrent.ExecutionException: java.net.ConnectException: Connection refused: no further information
	at com.yitao.yoj.esdao.PostEsDaoTest.testSelect(PostEsDaoTest.java:45)
Caused by: java.net.ConnectException: Connection refused: no further information
</error>
  </testcase>
</testsuite>